{
  "stats": {
    "suites": 12,
    "tests": 41,
    "passes": 0,
    "pending": 0,
    "failures": 41,
    "start": "2022-04-21T13:07:10.605Z",
    "end": "2022-04-21T13:10:05.545Z",
    "duration": 174940,
    "testsRegistered": 41,
    "passPercent": 0,
    "pendingPercent": 0,
    "other": 0,
    "hasOther": false,
    "skipped": 0,
    "hasSkipped": false
  },
  "results": [
    {
      "uuid": "fe3ad4a0-4c29-43ef-9c0a-f0b20fc18edd",
      "title": "",
      "fullFile": "cypress/integration/project.spec.js",
      "file": "cypress/integration/project.spec.js",
      "beforeHooks": [],
      "afterHooks": [],
      "tests": [],
      "suites": [
        {
          "uuid": "7b3f0ffd-0bb3-4f6e-9195-9226091f2302",
          "title": "1 - Adicione à página o título \"Paleta de Cores\".",
          "fullFile": "",
          "file": "",
          "beforeHooks": [],
          "afterHooks": [],
          "tests": [
            {
              "title": "Verifica se contém um elemento `h1` com o id `title` com o título correto",
              "fullTitle": "1 - Adicione à página o título \"Paleta de Cores\". Verifica se contém um elemento `h1` com o id `title` com o título correto",
              "timedOut": null,
              "duration": 4225,
              "state": "failed",
              "speed": null,
              "pass": false,
              "fail": true,
              "pending": false,
              "context": null,
              "code": "cy.get('h1#title').should('contain.text', 'Paleta de Cores');",
              "err": {
                "message": "CypressError: Timed out retrying: Expected to find element: 'h1#title', but never found it.",
                "estack": "CypressError: Timed out retrying: Expected to find element: 'h1#title', but never found it.\n    at cypressErr (http://localhost:40413/__cypress/runner/cypress_runner.js:149934:9)\n    at throwErr (http://localhost:40413/__cypress/runner/cypress_runner.js:149867:11)\n    at Object.throwErrByPath (http://localhost:40413/__cypress/runner/cypress_runner.js:149915:3)\n    at retry (http://localhost:40413/__cypress/runner/cypress_runner.js:144197:19)\n    at onFailFn (http://localhost:40413/__cypress/runner/cypress_runner.js:132448:16)\n    at tryCatcher (http://localhost:40413/__cypress/runner/cypress_runner.js:167415:23)\n    at Promise._settlePromiseFromHandler (http://localhost:40413/__cypress/runner/cypress_runner.js:165351:31)\n    at Promise._settlePromise (http://localhost:40413/__cypress/runner/cypress_runner.js:165408:18)\n    at Promise._settlePromise0 (http://localhost:40413/__cypress/runner/cypress_runner.js:165453:10)\n    at Promise._settlePromises (http://localhost:40413/__cypress/runner/cypress_runner.js:165528:18)\n    at Async../node_modules/bluebird/js/release/async.js.Async._drainQueue (http://localhost:40413/__cypress/runner/cypress_runner.js:162140:16)\n    at Async../node_modules/bluebird/js/release/async.js.Async._drainQueues (http://localhost:40413/__cypress/runner/cypress_runner.js:162150:10)\n    at Async.drainQueues (http://localhost:40413/__cypress/runner/cypress_runner.js:162024:14)",
                "diff": null
              },
              "uuid": "f15bdf8b-31e0-4b78-9cea-8e047a78855b",
              "parentUUID": "7b3f0ffd-0bb3-4f6e-9195-9226091f2302",
              "isHook": false,
              "skipped": false
            }
          ],
          "suites": [],
          "passes": [],
          "failures": [
            "f15bdf8b-31e0-4b78-9cea-8e047a78855b"
          ],
          "pending": [],
          "skipped": [],
          "duration": 4225,
          "root": false,
          "rootEmpty": false,
          "_timeout": 2000
        },
        {
          "uuid": "c6da9e58-e32f-46d5-a618-d46a5faa80d9",
          "title": "2 - Adicione à página uma paleta de quatro cores distintas.",
          "fullFile": "",
          "file": "",
          "beforeHooks": [],
          "afterHooks": [],
          "tests": [
            {
              "title": "A paleta de cores deve ser um elemento com `id` denominado `color-palette` e ter mais de 0px de altura e de largura.",
              "fullTitle": "2 - Adicione à página uma paleta de quatro cores distintas. A paleta de cores deve ser um elemento com `id` denominado `color-palette` e ter mais de 0px de altura e de largura.",
              "timedOut": null,
              "duration": 4222,
              "state": "failed",
              "speed": null,
              "pass": false,
              "fail": true,
              "pending": false,
              "context": null,
              "code": "cy.get('#color-palette').should('be.visible');\ncy.get('#color-palette').children('.color');",
              "err": {
                "message": "CypressError: Timed out retrying: Expected to find element: '#color-palette', but never found it.",
                "estack": "CypressError: Timed out retrying: Expected to find element: '#color-palette', but never found it.\n    at cypressErr (http://localhost:40413/__cypress/runner/cypress_runner.js:149934:9)\n    at throwErr (http://localhost:40413/__cypress/runner/cypress_runner.js:149867:11)\n    at Object.throwErrByPath (http://localhost:40413/__cypress/runner/cypress_runner.js:149915:3)\n    at retry (http://localhost:40413/__cypress/runner/cypress_runner.js:144197:19)\n    at onFailFn (http://localhost:40413/__cypress/runner/cypress_runner.js:132448:16)\n    at tryCatcher (http://localhost:40413/__cypress/runner/cypress_runner.js:167415:23)\n    at Promise._settlePromiseFromHandler (http://localhost:40413/__cypress/runner/cypress_runner.js:165351:31)\n    at Promise._settlePromise (http://localhost:40413/__cypress/runner/cypress_runner.js:165408:18)\n    at Promise._settlePromise0 (http://localhost:40413/__cypress/runner/cypress_runner.js:165453:10)\n    at Promise._settlePromises (http://localhost:40413/__cypress/runner/cypress_runner.js:165528:18)\n    at Async../node_modules/bluebird/js/release/async.js.Async._drainQueue (http://localhost:40413/__cypress/runner/cypress_runner.js:162140:16)\n    at Async../node_modules/bluebird/js/release/async.js.Async._drainQueues (http://localhost:40413/__cypress/runner/cypress_runner.js:162150:10)\n    at Async.drainQueues (http://localhost:40413/__cypress/runner/cypress_runner.js:162024:14)",
                "diff": null
              },
              "uuid": "2c11f8b2-7f3c-442c-b4be-487bac0de39c",
              "parentUUID": "c6da9e58-e32f-46d5-a618-d46a5faa80d9",
              "isHook": false,
              "skipped": false
            },
            {
              "title": "Verifica se cada cor individual da paleta de cores possui a `classe` chamada `color`.",
              "fullTitle": "2 - Adicione à página uma paleta de quatro cores distintas. Verifica se cada cor individual da paleta de cores possui a `classe` chamada `color`.",
              "timedOut": null,
              "duration": 4185,
              "state": "failed",
              "speed": null,
              "pass": false,
              "fail": true,
              "pending": false,
              "context": null,
              "code": "cy.get('.color').should('have.length', 4).then(function (colors) {\n  for (var i = 0; i < colors.length; i++) {\n    cy.wrap(colors[i]).should('be.visible');\n  }\n});",
              "err": {
                "message": "CypressError: Timed out retrying: Expected to find element: '.color', but never found it.",
                "estack": "CypressError: Timed out retrying: Expected to find element: '.color', but never found it.\n    at cypressErr (http://localhost:40413/__cypress/runner/cypress_runner.js:149934:9)\n    at throwErr (http://localhost:40413/__cypress/runner/cypress_runner.js:149867:11)\n    at Object.throwErrByPath (http://localhost:40413/__cypress/runner/cypress_runner.js:149915:3)\n    at retry (http://localhost:40413/__cypress/runner/cypress_runner.js:144197:19)\n    at onFailFn (http://localhost:40413/__cypress/runner/cypress_runner.js:132448:16)\n    at tryCatcher (http://localhost:40413/__cypress/runner/cypress_runner.js:167415:23)\n    at Promise._settlePromiseFromHandler (http://localhost:40413/__cypress/runner/cypress_runner.js:165351:31)\n    at Promise._settlePromise (http://localhost:40413/__cypress/runner/cypress_runner.js:165408:18)\n    at Promise._settlePromise0 (http://localhost:40413/__cypress/runner/cypress_runner.js:165453:10)\n    at Promise._settlePromises (http://localhost:40413/__cypress/runner/cypress_runner.js:165528:18)\n    at Async../node_modules/bluebird/js/release/async.js.Async._drainQueue (http://localhost:40413/__cypress/runner/cypress_runner.js:162140:16)\n    at Async../node_modules/bluebird/js/release/async.js.Async._drainQueues (http://localhost:40413/__cypress/runner/cypress_runner.js:162150:10)\n    at Async.drainQueues (http://localhost:40413/__cypress/runner/cypress_runner.js:162024:14)",
                "diff": null
              },
              "uuid": "7db9f411-5c7c-454a-a838-ad3f5a3be452",
              "parentUUID": "c6da9e58-e32f-46d5-a618-d46a5faa80d9",
              "isHook": false,
              "skipped": false
            },
            {
              "title": "Verifica se a cor de fundo de cada elemento da paleta é a cor que o elemento representa. **A única cor não permitida na paleta é a cor branca.**",
              "fullTitle": "2 - Adicione à página uma paleta de quatro cores distintas. Verifica se a cor de fundo de cada elemento da paleta é a cor que o elemento representa. **A única cor não permitida na paleta é a cor branca.**",
              "timedOut": null,
              "duration": 4253,
              "state": "failed",
              "speed": null,
              "pass": false,
              "fail": true,
              "pending": false,
              "context": null,
              "code": "cy.get('.color').each(function (color) {\n  cy.wrap(color).should('have.class', 'color').and('not.have.css', 'background-color', WHITE);\n  cy.wrap(color).should('have.css', 'background-color');\n});",
              "err": {
                "message": "CypressError: Timed out retrying: Expected to find element: '.color', but never found it.",
                "estack": "CypressError: Timed out retrying: Expected to find element: '.color', but never found it.\n    at cypressErr (http://localhost:40413/__cypress/runner/cypress_runner.js:149934:9)\n    at throwErr (http://localhost:40413/__cypress/runner/cypress_runner.js:149867:11)\n    at Object.throwErrByPath (http://localhost:40413/__cypress/runner/cypress_runner.js:149915:3)\n    at retry (http://localhost:40413/__cypress/runner/cypress_runner.js:144197:19)\n    at onFailFn (http://localhost:40413/__cypress/runner/cypress_runner.js:132448:16)\n    at tryCatcher (http://localhost:40413/__cypress/runner/cypress_runner.js:167415:23)\n    at Promise._settlePromiseFromHandler (http://localhost:40413/__cypress/runner/cypress_runner.js:165351:31)\n    at Promise._settlePromise (http://localhost:40413/__cypress/runner/cypress_runner.js:165408:18)\n    at Promise._settlePromise0 (http://localhost:40413/__cypress/runner/cypress_runner.js:165453:10)\n    at Promise._settlePromises (http://localhost:40413/__cypress/runner/cypress_runner.js:165528:18)\n    at Async../node_modules/bluebird/js/release/async.js.Async._drainQueue (http://localhost:40413/__cypress/runner/cypress_runner.js:162140:16)\n    at Async../node_modules/bluebird/js/release/async.js.Async._drainQueues (http://localhost:40413/__cypress/runner/cypress_runner.js:162150:10)\n    at Async.drainQueues (http://localhost:40413/__cypress/runner/cypress_runner.js:162024:14)",
                "diff": null
              },
              "uuid": "560a117a-5fbc-4713-9a1f-ee60d125b0df",
              "parentUUID": "c6da9e58-e32f-46d5-a618-d46a5faa80d9",
              "isHook": false,
              "skipped": false
            },
            {
              "title": "Verifica se cada elemento da paleta de cores tem uma borda preta, sólida e com 1 pixel de largura;",
              "fullTitle": "2 - Adicione à página uma paleta de quatro cores distintas. Verifica se cada elemento da paleta de cores tem uma borda preta, sólida e com 1 pixel de largura;",
              "timedOut": null,
              "duration": 4251,
              "state": "failed",
              "speed": null,
              "pass": false,
              "fail": true,
              "pending": false,
              "context": null,
              "code": "cy.get('.color').each(function (color) {\n  cy.wrap(color).and('have.css', 'border', \"1px solid \".concat(BLACK)).and('have.class', 'color');\n});",
              "err": {
                "message": "CypressError: Timed out retrying: Expected to find element: '.color', but never found it.",
                "estack": "CypressError: Timed out retrying: Expected to find element: '.color', but never found it.\n    at cypressErr (http://localhost:40413/__cypress/runner/cypress_runner.js:149934:9)\n    at throwErr (http://localhost:40413/__cypress/runner/cypress_runner.js:149867:11)\n    at Object.throwErrByPath (http://localhost:40413/__cypress/runner/cypress_runner.js:149915:3)\n    at retry (http://localhost:40413/__cypress/runner/cypress_runner.js:144197:19)\n    at onFailFn (http://localhost:40413/__cypress/runner/cypress_runner.js:132448:16)\n    at tryCatcher (http://localhost:40413/__cypress/runner/cypress_runner.js:167415:23)\n    at Promise._settlePromiseFromHandler (http://localhost:40413/__cypress/runner/cypress_runner.js:165351:31)\n    at Promise._settlePromise (http://localhost:40413/__cypress/runner/cypress_runner.js:165408:18)\n    at Promise._settlePromise0 (http://localhost:40413/__cypress/runner/cypress_runner.js:165453:10)\n    at Promise._settlePromises (http://localhost:40413/__cypress/runner/cypress_runner.js:165528:18)\n    at Async../node_modules/bluebird/js/release/async.js.Async._drainQueue (http://localhost:40413/__cypress/runner/cypress_runner.js:162140:16)\n    at Async../node_modules/bluebird/js/release/async.js.Async._drainQueues (http://localhost:40413/__cypress/runner/cypress_runner.js:162150:10)\n    at Async.drainQueues (http://localhost:40413/__cypress/runner/cypress_runner.js:162024:14)",
                "diff": null
              },
              "uuid": "675f4ad4-d7e0-4a30-96bd-6ae8005e77c8",
              "parentUUID": "c6da9e58-e32f-46d5-a618-d46a5faa80d9",
              "isHook": false,
              "skipped": false
            },
            {
              "title": "Verifica se a paleta lista todas as cores disponíveis para utilização, lado a lado.",
              "fullTitle": "2 - Adicione à página uma paleta de quatro cores distintas. Verifica se a paleta lista todas as cores disponíveis para utilização, lado a lado.",
              "timedOut": null,
              "duration": 4239,
              "state": "failed",
              "speed": null,
              "pass": false,
              "fail": true,
              "pending": false,
              "context": null,
              "code": "cy.get('.color').then(function (colors) {\n  for (var index = 1; index < colors.length; index += 1) {\n    var currentColor = colors[index];\n    var previousColor = colors[index - 1];\n    cy.wrap(currentColor).should('be.onTheRightOf', previousColor).and('be.horizontallyAlignedWith', previousColor);\n  }\n});",
              "err": {
                "message": "CypressError: Timed out retrying: Expected to find element: '.color', but never found it.",
                "estack": "CypressError: Timed out retrying: Expected to find element: '.color', but never found it.\n    at cypressErr (http://localhost:40413/__cypress/runner/cypress_runner.js:149934:9)\n    at throwErr (http://localhost:40413/__cypress/runner/cypress_runner.js:149867:11)\n    at Object.throwErrByPath (http://localhost:40413/__cypress/runner/cypress_runner.js:149915:3)\n    at retry (http://localhost:40413/__cypress/runner/cypress_runner.js:144197:19)\n    at onFailFn (http://localhost:40413/__cypress/runner/cypress_runner.js:132448:16)\n    at tryCatcher (http://localhost:40413/__cypress/runner/cypress_runner.js:167415:23)\n    at Promise._settlePromiseFromHandler (http://localhost:40413/__cypress/runner/cypress_runner.js:165351:31)\n    at Promise._settlePromise (http://localhost:40413/__cypress/runner/cypress_runner.js:165408:18)\n    at Promise._settlePromise0 (http://localhost:40413/__cypress/runner/cypress_runner.js:165453:10)\n    at Promise._settlePromises (http://localhost:40413/__cypress/runner/cypress_runner.js:165528:18)\n    at Async../node_modules/bluebird/js/release/async.js.Async._drainQueue (http://localhost:40413/__cypress/runner/cypress_runner.js:162140:16)\n    at Async../node_modules/bluebird/js/release/async.js.Async._drainQueues (http://localhost:40413/__cypress/runner/cypress_runner.js:162150:10)\n    at Async.drainQueues (http://localhost:40413/__cypress/runner/cypress_runner.js:162024:14)",
                "diff": null
              },
              "uuid": "b9d62e30-12d0-4cf5-872f-d763f1ea6a28",
              "parentUUID": "c6da9e58-e32f-46d5-a618-d46a5faa80d9",
              "isHook": false,
              "skipped": false
            },
            {
              "title": "Verifica se a paleta de cores está posicionada abaixo do título 'Paleta de Cores'",
              "fullTitle": "2 - Adicione à página uma paleta de quatro cores distintas. Verifica se a paleta de cores está posicionada abaixo do título 'Paleta de Cores'",
              "timedOut": null,
              "duration": 4209,
              "state": "failed",
              "speed": null,
              "pass": false,
              "fail": true,
              "pending": false,
              "context": null,
              "code": "cy.get('h1#title').then(function (title) {\n  cy.get('#color-palette').should('be.belowOf', title);\n});",
              "err": {
                "message": "CypressError: Timed out retrying: Expected to find element: 'h1#title', but never found it.",
                "estack": "CypressError: Timed out retrying: Expected to find element: 'h1#title', but never found it.\n    at cypressErr (http://localhost:40413/__cypress/runner/cypress_runner.js:149934:9)\n    at throwErr (http://localhost:40413/__cypress/runner/cypress_runner.js:149867:11)\n    at Object.throwErrByPath (http://localhost:40413/__cypress/runner/cypress_runner.js:149915:3)\n    at retry (http://localhost:40413/__cypress/runner/cypress_runner.js:144197:19)\n    at onFailFn (http://localhost:40413/__cypress/runner/cypress_runner.js:132448:16)\n    at tryCatcher (http://localhost:40413/__cypress/runner/cypress_runner.js:167415:23)\n    at Promise._settlePromiseFromHandler (http://localhost:40413/__cypress/runner/cypress_runner.js:165351:31)\n    at Promise._settlePromise (http://localhost:40413/__cypress/runner/cypress_runner.js:165408:18)\n    at Promise._settlePromise0 (http://localhost:40413/__cypress/runner/cypress_runner.js:165453:10)\n    at Promise._settlePromises (http://localhost:40413/__cypress/runner/cypress_runner.js:165528:18)\n    at Async../node_modules/bluebird/js/release/async.js.Async._drainQueue (http://localhost:40413/__cypress/runner/cypress_runner.js:162140:16)\n    at Async../node_modules/bluebird/js/release/async.js.Async._drainQueues (http://localhost:40413/__cypress/runner/cypress_runner.js:162150:10)\n    at Async.drainQueues (http://localhost:40413/__cypress/runner/cypress_runner.js:162024:14)",
                "diff": null
              },
              "uuid": "bb69a9a9-298e-42ce-80f4-bbde7c094c63",
              "parentUUID": "c6da9e58-e32f-46d5-a618-d46a5faa80d9",
              "isHook": false,
              "skipped": false
            },
            {
              "title": "Verifica se a paleta de cores não contém cores repetidas.",
              "fullTitle": "2 - Adicione à página uma paleta de quatro cores distintas. Verifica se a paleta de cores não contém cores repetidas.",
              "timedOut": null,
              "duration": 4236,
              "state": "failed",
              "speed": null,
              "pass": false,
              "fail": true,
              "pending": false,
              "context": null,
              "code": "cy.get('.color').then(function (colors) {\n  var allColors = Array.from(colors).map(function (color) {\n    return Cypress.$(color).css('background-color');\n  });\n  cy.log(allColors);\n  var uniqColors = (0, _toConsumableArray2[\"default\"])(new Set(allColors));\n  cy.log(uniqColors);\n  expect(allColors.length).to.eq(uniqColors.length);\n});",
              "err": {
                "message": "CypressError: Timed out retrying: Expected to find element: '.color', but never found it.",
                "estack": "CypressError: Timed out retrying: Expected to find element: '.color', but never found it.\n    at cypressErr (http://localhost:40413/__cypress/runner/cypress_runner.js:149934:9)\n    at throwErr (http://localhost:40413/__cypress/runner/cypress_runner.js:149867:11)\n    at Object.throwErrByPath (http://localhost:40413/__cypress/runner/cypress_runner.js:149915:3)\n    at retry (http://localhost:40413/__cypress/runner/cypress_runner.js:144197:19)\n    at onFailFn (http://localhost:40413/__cypress/runner/cypress_runner.js:132448:16)\n    at tryCatcher (http://localhost:40413/__cypress/runner/cypress_runner.js:167415:23)\n    at Promise._settlePromiseFromHandler (http://localhost:40413/__cypress/runner/cypress_runner.js:165351:31)\n    at Promise._settlePromise (http://localhost:40413/__cypress/runner/cypress_runner.js:165408:18)\n    at Promise._settlePromise0 (http://localhost:40413/__cypress/runner/cypress_runner.js:165453:10)\n    at Promise._settlePromises (http://localhost:40413/__cypress/runner/cypress_runner.js:165528:18)\n    at Async../node_modules/bluebird/js/release/async.js.Async._drainQueue (http://localhost:40413/__cypress/runner/cypress_runner.js:162140:16)\n    at Async../node_modules/bluebird/js/release/async.js.Async._drainQueues (http://localhost:40413/__cypress/runner/cypress_runner.js:162150:10)\n    at Async.drainQueues (http://localhost:40413/__cypress/runner/cypress_runner.js:162024:14)",
                "diff": null
              },
              "uuid": "0037febb-8242-426a-b5f8-8f03e2507964",
              "parentUUID": "c6da9e58-e32f-46d5-a618-d46a5faa80d9",
              "isHook": false,
              "skipped": false
            }
          ],
          "suites": [],
          "passes": [],
          "failures": [
            "2c11f8b2-7f3c-442c-b4be-487bac0de39c",
            "7db9f411-5c7c-454a-a838-ad3f5a3be452",
            "560a117a-5fbc-4713-9a1f-ee60d125b0df",
            "675f4ad4-d7e0-4a30-96bd-6ae8005e77c8",
            "b9d62e30-12d0-4cf5-872f-d763f1ea6a28",
            "bb69a9a9-298e-42ce-80f4-bbde7c094c63",
            "0037febb-8242-426a-b5f8-8f03e2507964"
          ],
          "pending": [],
          "skipped": [],
          "duration": 29595,
          "root": false,
          "rootEmpty": false,
          "_timeout": 2000
        },
        {
          "uuid": "42e3d100-3ce6-4635-b926-b12ef1ed13db",
          "title": "3 - Adicione a cor **preta** como a primeira cor da paleta de cores.",
          "fullFile": "",
          "file": "",
          "beforeHooks": [],
          "afterHooks": [],
          "tests": [
            {
              "title": "Verifica se a primeira cor da paleta é preta",
              "fullTitle": "3 - Adicione a cor **preta** como a primeira cor da paleta de cores. Verifica se a primeira cor da paleta é preta",
              "timedOut": null,
              "duration": 4237,
              "state": "failed",
              "speed": null,
              "pass": false,
              "fail": true,
              "pending": false,
              "context": null,
              "code": "cy.get('.color').first().should('have.css', 'background-color', BLACK);",
              "err": {
                "message": "CypressError: Timed out retrying: Expected to find element: '.color', but never found it.",
                "estack": "CypressError: Timed out retrying: Expected to find element: '.color', but never found it.\n    at cypressErr (http://localhost:40413/__cypress/runner/cypress_runner.js:149934:9)\n    at throwErr (http://localhost:40413/__cypress/runner/cypress_runner.js:149867:11)\n    at Object.throwErrByPath (http://localhost:40413/__cypress/runner/cypress_runner.js:149915:3)\n    at retry (http://localhost:40413/__cypress/runner/cypress_runner.js:144197:19)\n    at onFailFn (http://localhost:40413/__cypress/runner/cypress_runner.js:132448:16)\n    at tryCatcher (http://localhost:40413/__cypress/runner/cypress_runner.js:167415:23)\n    at Promise._settlePromiseFromHandler (http://localhost:40413/__cypress/runner/cypress_runner.js:165351:31)\n    at Promise._settlePromise (http://localhost:40413/__cypress/runner/cypress_runner.js:165408:18)\n    at Promise._settlePromise0 (http://localhost:40413/__cypress/runner/cypress_runner.js:165453:10)\n    at Promise._settlePromises (http://localhost:40413/__cypress/runner/cypress_runner.js:165528:18)\n    at Async../node_modules/bluebird/js/release/async.js.Async._drainQueue (http://localhost:40413/__cypress/runner/cypress_runner.js:162140:16)\n    at Async../node_modules/bluebird/js/release/async.js.Async._drainQueues (http://localhost:40413/__cypress/runner/cypress_runner.js:162150:10)\n    at Async.drainQueues (http://localhost:40413/__cypress/runner/cypress_runner.js:162024:14)",
                "diff": null
              },
              "uuid": "54f350f4-1f41-43b4-97bc-5d454c2e72e5",
              "parentUUID": "42e3d100-3ce6-4635-b926-b12ef1ed13db",
              "isHook": false,
              "skipped": false
            },
            {
              "title": "Verifica se as demais cores podem ser escolhidas livremente.",
              "fullTitle": "3 - Adicione a cor **preta** como a primeira cor da paleta de cores. Verifica se as demais cores podem ser escolhidas livremente.",
              "timedOut": null,
              "duration": 4296,
              "state": "failed",
              "speed": null,
              "pass": false,
              "fail": true,
              "pending": false,
              "context": null,
              "code": "cy.get('.color').eq(1).should('not.have.css', 'background-color', BLACK);\ncy.get('.color').eq(1).should('not.have.css', 'background-color', WHITE);\ncy.get('.color').eq(1).should('not.have.css', 'background-color', 'rgba(0, 0, 0, 0)');\ncy.get('.color').eq(1).should('have.css', 'background-color');\ncy.get('.color').eq(2).should('not.have.css', 'background-color', BLACK);\ncy.get('.color').eq(2).should('not.have.css', 'background-color', WHITE);\ncy.get('.color').eq(2).should('not.have.css', 'background-color', 'rgba(0, 0, 0, 0)');\ncy.get('.color').eq(2).should('have.css', 'background-color');\ncy.get('.color').eq(3).should('not.have.css', 'background-color', BLACK);\ncy.get('.color').eq(3).should('not.have.css', 'background-color', WHITE);\ncy.get('.color').eq(3).should('not.have.css', 'background-color', 'rgba(0, 0, 0, 0)');\ncy.get('.color').eq(3).should('have.css', 'background-color');",
              "err": {
                "message": "CypressError: Timed out retrying: Expected to find element: '.color', but never found it.",
                "estack": "CypressError: Timed out retrying: Expected to find element: '.color', but never found it.\n    at cypressErr (http://localhost:40413/__cypress/runner/cypress_runner.js:149934:9)\n    at throwErr (http://localhost:40413/__cypress/runner/cypress_runner.js:149867:11)\n    at Object.throwErrByPath (http://localhost:40413/__cypress/runner/cypress_runner.js:149915:3)\n    at retry (http://localhost:40413/__cypress/runner/cypress_runner.js:144197:19)\n    at onFailFn (http://localhost:40413/__cypress/runner/cypress_runner.js:132448:16)\n    at tryCatcher (http://localhost:40413/__cypress/runner/cypress_runner.js:167415:23)\n    at Promise._settlePromiseFromHandler (http://localhost:40413/__cypress/runner/cypress_runner.js:165351:31)\n    at Promise._settlePromise (http://localhost:40413/__cypress/runner/cypress_runner.js:165408:18)\n    at Promise._settlePromise0 (http://localhost:40413/__cypress/runner/cypress_runner.js:165453:10)\n    at Promise._settlePromises (http://localhost:40413/__cypress/runner/cypress_runner.js:165528:18)\n    at Async../node_modules/bluebird/js/release/async.js.Async._drainQueue (http://localhost:40413/__cypress/runner/cypress_runner.js:162140:16)\n    at Async../node_modules/bluebird/js/release/async.js.Async._drainQueues (http://localhost:40413/__cypress/runner/cypress_runner.js:162150:10)\n    at Async.drainQueues (http://localhost:40413/__cypress/runner/cypress_runner.js:162024:14)",
                "diff": null
              },
              "uuid": "a5d2a268-c1d7-4f60-90e4-cbcf03e22656",
              "parentUUID": "42e3d100-3ce6-4635-b926-b12ef1ed13db",
              "isHook": false,
              "skipped": false
            }
          ],
          "suites": [],
          "passes": [],
          "failures": [
            "54f350f4-1f41-43b4-97bc-5d454c2e72e5",
            "a5d2a268-c1d7-4f60-90e4-cbcf03e22656"
          ],
          "pending": [],
          "skipped": [],
          "duration": 8533,
          "root": false,
          "rootEmpty": false,
          "_timeout": 2000
        },
        {
          "uuid": "0c4bcac0-a0be-4d0e-8723-f0a7f77c281e",
          "title": "4 - Adicione à página um quadro de pixels, com 25 pixels.",
          "fullFile": "",
          "file": "",
          "beforeHooks": [],
          "afterHooks": [],
          "tests": [
            {
              "title": "Verifica se o quadro de pixels possui o `id` denominado `pixel-board`",
              "fullTitle": "4 - Adicione à página um quadro de pixels, com 25 pixels. Verifica se o quadro de pixels possui o `id` denominado `pixel-board`",
              "timedOut": null,
              "duration": 4240,
              "state": "failed",
              "speed": null,
              "pass": false,
              "fail": true,
              "pending": false,
              "context": null,
              "code": "cy.get('#pixel-board').should('be.visible');",
              "err": {
                "message": "CypressError: Timed out retrying: Expected to find element: '#pixel-board', but never found it.",
                "estack": "CypressError: Timed out retrying: Expected to find element: '#pixel-board', but never found it.\n    at cypressErr (http://localhost:40413/__cypress/runner/cypress_runner.js:149934:9)\n    at throwErr (http://localhost:40413/__cypress/runner/cypress_runner.js:149867:11)\n    at Object.throwErrByPath (http://localhost:40413/__cypress/runner/cypress_runner.js:149915:3)\n    at retry (http://localhost:40413/__cypress/runner/cypress_runner.js:144197:19)\n    at onFailFn (http://localhost:40413/__cypress/runner/cypress_runner.js:132448:16)\n    at tryCatcher (http://localhost:40413/__cypress/runner/cypress_runner.js:167415:23)\n    at Promise._settlePromiseFromHandler (http://localhost:40413/__cypress/runner/cypress_runner.js:165351:31)\n    at Promise._settlePromise (http://localhost:40413/__cypress/runner/cypress_runner.js:165408:18)\n    at Promise._settlePromise0 (http://localhost:40413/__cypress/runner/cypress_runner.js:165453:10)\n    at Promise._settlePromises (http://localhost:40413/__cypress/runner/cypress_runner.js:165528:18)\n    at Async../node_modules/bluebird/js/release/async.js.Async._drainQueue (http://localhost:40413/__cypress/runner/cypress_runner.js:162140:16)\n    at Async../node_modules/bluebird/js/release/async.js.Async._drainQueues (http://localhost:40413/__cypress/runner/cypress_runner.js:162150:10)\n    at Async.drainQueues (http://localhost:40413/__cypress/runner/cypress_runner.js:162024:14)",
                "diff": null
              },
              "uuid": "1c652328-adb2-4f06-8a23-13273190bff7",
              "parentUUID": "0c4bcac0-a0be-4d0e-8723-f0a7f77c281e",
              "isHook": false,
              "skipped": false
            },
            {
              "title": "Verifica se cada pixel individual dentro do quadro possui a `classe` denominada `pixel`.",
              "fullTitle": "4 - Adicione à página um quadro de pixels, com 25 pixels. Verifica se cada pixel individual dentro do quadro possui a `classe` denominada `pixel`.",
              "timedOut": null,
              "duration": 4224,
              "state": "failed",
              "speed": null,
              "pass": false,
              "fail": true,
              "pending": false,
              "context": null,
              "code": "cy.get('.pixel').should('have.length', 25);",
              "err": {
                "message": "CypressError: Timed out retrying: Expected to find element: '.pixel', but never found it.",
                "estack": "CypressError: Timed out retrying: Expected to find element: '.pixel', but never found it.\n    at cypressErr (http://localhost:40413/__cypress/runner/cypress_runner.js:149934:9)\n    at throwErr (http://localhost:40413/__cypress/runner/cypress_runner.js:149867:11)\n    at Object.throwErrByPath (http://localhost:40413/__cypress/runner/cypress_runner.js:149915:3)\n    at retry (http://localhost:40413/__cypress/runner/cypress_runner.js:144197:19)\n    at onFailFn (http://localhost:40413/__cypress/runner/cypress_runner.js:132448:16)\n    at tryCatcher (http://localhost:40413/__cypress/runner/cypress_runner.js:167415:23)\n    at Promise._settlePromiseFromHandler (http://localhost:40413/__cypress/runner/cypress_runner.js:165351:31)\n    at Promise._settlePromise (http://localhost:40413/__cypress/runner/cypress_runner.js:165408:18)\n    at Promise._settlePromise0 (http://localhost:40413/__cypress/runner/cypress_runner.js:165453:10)\n    at Promise._settlePromises (http://localhost:40413/__cypress/runner/cypress_runner.js:165528:18)\n    at Async../node_modules/bluebird/js/release/async.js.Async._drainQueue (http://localhost:40413/__cypress/runner/cypress_runner.js:162140:16)\n    at Async../node_modules/bluebird/js/release/async.js.Async._drainQueues (http://localhost:40413/__cypress/runner/cypress_runner.js:162150:10)\n    at Async.drainQueues (http://localhost:40413/__cypress/runner/cypress_runner.js:162024:14)",
                "diff": null
              },
              "uuid": "fcfabd29-5715-4372-bf5e-613d72915d89",
              "parentUUID": "0c4bcac0-a0be-4d0e-8723-f0a7f77c281e",
              "isHook": false,
              "skipped": false
            },
            {
              "title": "Verifica se a cor inicial dos pixels dentro do quadro, ao abrir a página, é branca.",
              "fullTitle": "4 - Adicione à página um quadro de pixels, com 25 pixels. Verifica se a cor inicial dos pixels dentro do quadro, ao abrir a página, é branca.",
              "timedOut": null,
              "duration": 4209,
              "state": "failed",
              "speed": null,
              "pass": false,
              "fail": true,
              "pending": false,
              "context": null,
              "code": "cy.get('.pixel').should('have.length', 25).each(function (pixel) {\n  expect(pixel).to.have.css('background-color', WHITE);\n});",
              "err": {
                "message": "CypressError: Timed out retrying: Expected to find element: '.pixel', but never found it.",
                "estack": "CypressError: Timed out retrying: Expected to find element: '.pixel', but never found it.\n    at cypressErr (http://localhost:40413/__cypress/runner/cypress_runner.js:149934:9)\n    at throwErr (http://localhost:40413/__cypress/runner/cypress_runner.js:149867:11)\n    at Object.throwErrByPath (http://localhost:40413/__cypress/runner/cypress_runner.js:149915:3)\n    at retry (http://localhost:40413/__cypress/runner/cypress_runner.js:144197:19)\n    at onFailFn (http://localhost:40413/__cypress/runner/cypress_runner.js:132448:16)\n    at tryCatcher (http://localhost:40413/__cypress/runner/cypress_runner.js:167415:23)\n    at Promise._settlePromiseFromHandler (http://localhost:40413/__cypress/runner/cypress_runner.js:165351:31)\n    at Promise._settlePromise (http://localhost:40413/__cypress/runner/cypress_runner.js:165408:18)\n    at Promise._settlePromise0 (http://localhost:40413/__cypress/runner/cypress_runner.js:165453:10)\n    at Promise._settlePromises (http://localhost:40413/__cypress/runner/cypress_runner.js:165528:18)\n    at Async../node_modules/bluebird/js/release/async.js.Async._drainQueue (http://localhost:40413/__cypress/runner/cypress_runner.js:162140:16)\n    at Async../node_modules/bluebird/js/release/async.js.Async._drainQueues (http://localhost:40413/__cypress/runner/cypress_runner.js:162150:10)\n    at Async.drainQueues (http://localhost:40413/__cypress/runner/cypress_runner.js:162024:14)",
                "diff": null
              },
              "uuid": "622517c7-0cfc-41a6-a066-0d45ce7172f1",
              "parentUUID": "0c4bcac0-a0be-4d0e-8723-f0a7f77c281e",
              "isHook": false,
              "skipped": false
            },
            {
              "title": "Verifica se o quadro de pixels aparece abaixo da paleta de cores",
              "fullTitle": "4 - Adicione à página um quadro de pixels, com 25 pixels. Verifica se o quadro de pixels aparece abaixo da paleta de cores",
              "timedOut": null,
              "duration": 4197,
              "state": "failed",
              "speed": null,
              "pass": false,
              "fail": true,
              "pending": false,
              "context": null,
              "code": "cy.get('#color-palette').then(function (palette) {\n  cy.get('#pixel-board').should('be.belowOf', palette);\n});",
              "err": {
                "message": "CypressError: Timed out retrying: Expected to find element: '#color-palette', but never found it.",
                "estack": "CypressError: Timed out retrying: Expected to find element: '#color-palette', but never found it.\n    at cypressErr (http://localhost:40413/__cypress/runner/cypress_runner.js:149934:9)\n    at throwErr (http://localhost:40413/__cypress/runner/cypress_runner.js:149867:11)\n    at Object.throwErrByPath (http://localhost:40413/__cypress/runner/cypress_runner.js:149915:3)\n    at retry (http://localhost:40413/__cypress/runner/cypress_runner.js:144197:19)\n    at onFailFn (http://localhost:40413/__cypress/runner/cypress_runner.js:132448:16)\n    at tryCatcher (http://localhost:40413/__cypress/runner/cypress_runner.js:167415:23)\n    at Promise._settlePromiseFromHandler (http://localhost:40413/__cypress/runner/cypress_runner.js:165351:31)\n    at Promise._settlePromise (http://localhost:40413/__cypress/runner/cypress_runner.js:165408:18)\n    at Promise._settlePromise0 (http://localhost:40413/__cypress/runner/cypress_runner.js:165453:10)\n    at Promise._settlePromises (http://localhost:40413/__cypress/runner/cypress_runner.js:165528:18)\n    at Async../node_modules/bluebird/js/release/async.js.Async._drainQueue (http://localhost:40413/__cypress/runner/cypress_runner.js:162140:16)\n    at Async../node_modules/bluebird/js/release/async.js.Async._drainQueues (http://localhost:40413/__cypress/runner/cypress_runner.js:162150:10)\n    at Async.drainQueues (http://localhost:40413/__cypress/runner/cypress_runner.js:162024:14)",
                "diff": null
              },
              "uuid": "fd6e2295-e9b7-4b3c-8403-3a5bb7e85453",
              "parentUUID": "0c4bcac0-a0be-4d0e-8723-f0a7f77c281e",
              "isHook": false,
              "skipped": false
            }
          ],
          "suites": [],
          "passes": [],
          "failures": [
            "1c652328-adb2-4f06-8a23-13273190bff7",
            "fcfabd29-5715-4372-bf5e-613d72915d89",
            "622517c7-0cfc-41a6-a066-0d45ce7172f1",
            "fd6e2295-e9b7-4b3c-8403-3a5bb7e85453"
          ],
          "pending": [],
          "skipped": [],
          "duration": 16870,
          "root": false,
          "rootEmpty": false,
          "_timeout": 2000
        },
        {
          "uuid": "d6bbb6fb-1877-4f9c-bc58-92e28f90af9d",
          "title": "5 - Faça com que cada elemento do quadro de pixels possua 40 pixels de largura, 40 pixels de altura e seja delimitado por uma borda preta de 1 pixel.",
          "fullFile": "",
          "file": "",
          "beforeHooks": [],
          "afterHooks": [],
          "tests": [
            {
              "title": "Verifica se o quadro de pixels tem altura e comprimento de 5 elementos",
              "fullTitle": "5 - Faça com que cada elemento do quadro de pixels possua 40 pixels de largura, 40 pixels de altura e seja delimitado por uma borda preta de 1 pixel. Verifica se o quadro de pixels tem altura e comprimento de 5 elementos",
              "timedOut": null,
              "duration": 4282,
              "state": "failed",
              "speed": null,
              "pass": false,
              "fail": true,
              "pending": false,
              "context": null,
              "code": "cy.get('.pixel').should('have.length', 25).each(function (pixel) {\n  expect(pixel).to.have.css('background-color', WHITE);\n}).and(function (pixels) {\n  var rows = chunk(pixels, 5);\n  rows.forEach(function (row) {\n    for (var index = 1; index < row.length; index += 1) {\n      var current = pixels[index];\n      var previous = pixels[index - 1];\n      cy.wrap(current).should('be.onTheRightOf', previous).and('be.horizontallyAlignedWith', previous);\n    }\n  });\n  for (var index = 1; index < 5; index += 1) {\n    expect(pixels[index * 5]).to.be.belowOf(pixels[(index - 1) * 5]);\n  }\n});",
              "err": {
                "message": "CypressError: Timed out retrying: Expected to find element: '.pixel', but never found it.",
                "estack": "CypressError: Timed out retrying: Expected to find element: '.pixel', but never found it.\n    at cypressErr (http://localhost:40413/__cypress/runner/cypress_runner.js:149934:9)\n    at throwErr (http://localhost:40413/__cypress/runner/cypress_runner.js:149867:11)\n    at Object.throwErrByPath (http://localhost:40413/__cypress/runner/cypress_runner.js:149915:3)\n    at retry (http://localhost:40413/__cypress/runner/cypress_runner.js:144197:19)\n    at onFailFn (http://localhost:40413/__cypress/runner/cypress_runner.js:132448:16)\n    at tryCatcher (http://localhost:40413/__cypress/runner/cypress_runner.js:167415:23)\n    at Promise._settlePromiseFromHandler (http://localhost:40413/__cypress/runner/cypress_runner.js:165351:31)\n    at Promise._settlePromise (http://localhost:40413/__cypress/runner/cypress_runner.js:165408:18)\n    at Promise._settlePromise0 (http://localhost:40413/__cypress/runner/cypress_runner.js:165453:10)\n    at Promise._settlePromises (http://localhost:40413/__cypress/runner/cypress_runner.js:165528:18)\n    at Async../node_modules/bluebird/js/release/async.js.Async._drainQueue (http://localhost:40413/__cypress/runner/cypress_runner.js:162140:16)\n    at Async../node_modules/bluebird/js/release/async.js.Async._drainQueues (http://localhost:40413/__cypress/runner/cypress_runner.js:162150:10)\n    at Async.drainQueues (http://localhost:40413/__cypress/runner/cypress_runner.js:162024:14)",
                "diff": null
              },
              "uuid": "f62ec984-d31d-4209-9a6c-b0c4aebfea81",
              "parentUUID": "d6bbb6fb-1877-4f9c-bc58-92e28f90af9d",
              "isHook": false,
              "skipped": false
            },
            {
              "title": "Verifica se 40 pixels é o tamanho total do elemento, incluindo seu conteúdo e excluindo a borda preta, que deve ser criada à parte.",
              "fullTitle": "5 - Faça com que cada elemento do quadro de pixels possua 40 pixels de largura, 40 pixels de altura e seja delimitado por uma borda preta de 1 pixel. Verifica se 40 pixels é o tamanho total do elemento, incluindo seu conteúdo e excluindo a borda preta, que deve ser criada à parte.",
              "timedOut": null,
              "duration": 4355,
              "state": "failed",
              "speed": null,
              "pass": false,
              "fail": true,
              "pending": false,
              "context": null,
              "code": "cy.get('.pixel').each(function (pixel) {\n  cy.wrap(pixel).should('have.css', 'height', '40px').and('have.css', 'width', '40px').and('have.css', 'border', \"1px solid \".concat(BLACK));\n});",
              "err": {
                "message": "CypressError: Timed out retrying: Expected to find element: '.pixel', but never found it.",
                "estack": "CypressError: Timed out retrying: Expected to find element: '.pixel', but never found it.\n    at cypressErr (http://localhost:40413/__cypress/runner/cypress_runner.js:149934:9)\n    at throwErr (http://localhost:40413/__cypress/runner/cypress_runner.js:149867:11)\n    at Object.throwErrByPath (http://localhost:40413/__cypress/runner/cypress_runner.js:149915:3)\n    at retry (http://localhost:40413/__cypress/runner/cypress_runner.js:144197:19)\n    at onFailFn (http://localhost:40413/__cypress/runner/cypress_runner.js:132448:16)\n    at tryCatcher (http://localhost:40413/__cypress/runner/cypress_runner.js:167415:23)\n    at Promise._settlePromiseFromHandler (http://localhost:40413/__cypress/runner/cypress_runner.js:165351:31)\n    at Promise._settlePromise (http://localhost:40413/__cypress/runner/cypress_runner.js:165408:18)\n    at Promise._settlePromise0 (http://localhost:40413/__cypress/runner/cypress_runner.js:165453:10)\n    at Promise._settlePromises (http://localhost:40413/__cypress/runner/cypress_runner.js:165528:18)\n    at Async../node_modules/bluebird/js/release/async.js.Async._drainQueue (http://localhost:40413/__cypress/runner/cypress_runner.js:162140:16)\n    at Async../node_modules/bluebird/js/release/async.js.Async._drainQueues (http://localhost:40413/__cypress/runner/cypress_runner.js:162150:10)\n    at Async.drainQueues (http://localhost:40413/__cypress/runner/cypress_runner.js:162024:14)",
                "diff": null
              },
              "uuid": "66a11edc-3ff6-4013-bec5-cf5a877b60aa",
              "parentUUID": "d6bbb6fb-1877-4f9c-bc58-92e28f90af9d",
              "isHook": false,
              "skipped": false
            }
          ],
          "suites": [],
          "passes": [],
          "failures": [
            "f62ec984-d31d-4209-9a6c-b0c4aebfea81",
            "66a11edc-3ff6-4013-bec5-cf5a877b60aa"
          ],
          "pending": [],
          "skipped": [],
          "duration": 8637,
          "root": false,
          "rootEmpty": false,
          "_timeout": 2000
        },
        {
          "uuid": "b0ca1434-97da-411f-b032-ca83d66b4139",
          "title": "6 - Defina a cor preta como cor inicial. Ao carregar a página a cor preta já deve estar selecionada para pintar os pixels",
          "fullFile": "",
          "file": "",
          "beforeHooks": [],
          "afterHooks": [],
          "tests": [
            {
              "title": "Verifica se o elemento da cor preta possui, inicialmente, a `classe` `selected`",
              "fullTitle": "6 - Defina a cor preta como cor inicial. Ao carregar a página a cor preta já deve estar selecionada para pintar os pixels Verifica se o elemento da cor preta possui, inicialmente, a `classe` `selected`",
              "timedOut": null,
              "duration": 4234,
              "state": "failed",
              "speed": null,
              "pass": false,
              "fail": true,
              "pending": false,
              "context": null,
              "code": "cy.get('.selected').first().should('have.css', 'background-color', BLACK);",
              "err": {
                "message": "CypressError: Timed out retrying: Expected to find element: '.selected', but never found it.",
                "estack": "CypressError: Timed out retrying: Expected to find element: '.selected', but never found it.\n    at cypressErr (http://localhost:40413/__cypress/runner/cypress_runner.js:149934:9)\n    at throwErr (http://localhost:40413/__cypress/runner/cypress_runner.js:149867:11)\n    at Object.throwErrByPath (http://localhost:40413/__cypress/runner/cypress_runner.js:149915:3)\n    at retry (http://localhost:40413/__cypress/runner/cypress_runner.js:144197:19)\n    at onFailFn (http://localhost:40413/__cypress/runner/cypress_runner.js:132448:16)\n    at tryCatcher (http://localhost:40413/__cypress/runner/cypress_runner.js:167415:23)\n    at Promise._settlePromiseFromHandler (http://localhost:40413/__cypress/runner/cypress_runner.js:165351:31)\n    at Promise._settlePromise (http://localhost:40413/__cypress/runner/cypress_runner.js:165408:18)\n    at Promise._settlePromise0 (http://localhost:40413/__cypress/runner/cypress_runner.js:165453:10)\n    at Promise._settlePromises (http://localhost:40413/__cypress/runner/cypress_runner.js:165528:18)\n    at Async../node_modules/bluebird/js/release/async.js.Async._drainQueue (http://localhost:40413/__cypress/runner/cypress_runner.js:162140:16)\n    at Async../node_modules/bluebird/js/release/async.js.Async._drainQueues (http://localhost:40413/__cypress/runner/cypress_runner.js:162150:10)\n    at Async.drainQueues (http://localhost:40413/__cypress/runner/cypress_runner.js:162024:14)",
                "diff": null
              },
              "uuid": "8155464e-0beb-43ba-b1a4-a8aa9e9b311b",
              "parentUUID": "b0ca1434-97da-411f-b032-ca83d66b4139",
              "isHook": false,
              "skipped": false
            },
            {
              "title": "Verifica se nenhuma outra cor da paleta tem a `classe` `selected`",
              "fullTitle": "6 - Defina a cor preta como cor inicial. Ao carregar a página a cor preta já deve estar selecionada para pintar os pixels Verifica se nenhuma outra cor da paleta tem a `classe` `selected`",
              "timedOut": null,
              "duration": 4265,
              "state": "failed",
              "speed": null,
              "pass": false,
              "fail": true,
              "pending": false,
              "context": null,
              "code": "cy.get('.color:not(:first-child)').each(function (color) {\n  cy.wrap(color).should('not.have.class', 'selected');\n});",
              "err": {
                "message": "CypressError: Timed out retrying: Expected to find element: '.color:not(:first-child)', but never found it.",
                "estack": "CypressError: Timed out retrying: Expected to find element: '.color:not(:first-child)', but never found it.\n    at cypressErr (http://localhost:40413/__cypress/runner/cypress_runner.js:149934:9)\n    at throwErr (http://localhost:40413/__cypress/runner/cypress_runner.js:149867:11)\n    at Object.throwErrByPath (http://localhost:40413/__cypress/runner/cypress_runner.js:149915:3)\n    at retry (http://localhost:40413/__cypress/runner/cypress_runner.js:144197:19)\n    at onFailFn (http://localhost:40413/__cypress/runner/cypress_runner.js:132448:16)\n    at tryCatcher (http://localhost:40413/__cypress/runner/cypress_runner.js:167415:23)\n    at Promise._settlePromiseFromHandler (http://localhost:40413/__cypress/runner/cypress_runner.js:165351:31)\n    at Promise._settlePromise (http://localhost:40413/__cypress/runner/cypress_runner.js:165408:18)\n    at Promise._settlePromise0 (http://localhost:40413/__cypress/runner/cypress_runner.js:165453:10)\n    at Promise._settlePromises (http://localhost:40413/__cypress/runner/cypress_runner.js:165528:18)\n    at Async../node_modules/bluebird/js/release/async.js.Async._drainQueue (http://localhost:40413/__cypress/runner/cypress_runner.js:162140:16)\n    at Async../node_modules/bluebird/js/release/async.js.Async._drainQueues (http://localhost:40413/__cypress/runner/cypress_runner.js:162150:10)\n    at Async.drainQueues (http://localhost:40413/__cypress/runner/cypress_runner.js:162024:14)",
                "diff": null
              },
              "uuid": "d86d55d9-ec43-4c6e-ba1d-13a39a012091",
              "parentUUID": "b0ca1434-97da-411f-b032-ca83d66b4139",
              "isHook": false,
              "skipped": false
            }
          ],
          "suites": [],
          "passes": [],
          "failures": [
            "8155464e-0beb-43ba-b1a4-a8aa9e9b311b",
            "d86d55d9-ec43-4c6e-ba1d-13a39a012091"
          ],
          "pending": [],
          "skipped": [],
          "duration": 8499,
          "root": false,
          "rootEmpty": false,
          "_timeout": 2000
        },
        {
          "uuid": "d794b989-0aa9-4db1-8ef6-d02534b1d341",
          "title": "7 - Clicar em uma das cores da paleta, faz com que ela seja selecionada e utilizada para preencher os pixels no quadro.",
          "fullFile": "",
          "file": "",
          "beforeHooks": [],
          "afterHooks": [],
          "tests": [
            {
              "title": "Verifica se somente uma cor da paleta de cores tem a classe `selected` de cada vez",
              "fullTitle": "7 - Clicar em uma das cores da paleta, faz com que ela seja selecionada e utilizada para preencher os pixels no quadro. Verifica se somente uma cor da paleta de cores tem a classe `selected` de cada vez",
              "timedOut": null,
              "duration": 4203,
              "state": "failed",
              "speed": null,
              "pass": false,
              "fail": true,
              "pending": false,
              "context": null,
              "code": "cy.get('.color').each(function (selectedColor, selectedColorIndex) {\n  cy.wrap(selectedColor).click();\n  cy.get('.color').each(function (color, colorIndex) {\n    if (colorIndex === selectedColorIndex) {\n      expect(color).to.have[\"class\"]('selected');\n    } else {\n      expect(color).not.to.have[\"class\"]('selected');\n    }\n  });\n});",
              "err": {
                "message": "CypressError: Timed out retrying: Expected to find element: '.color', but never found it.",
                "estack": "CypressError: Timed out retrying: Expected to find element: '.color', but never found it.\n    at cypressErr (http://localhost:40413/__cypress/runner/cypress_runner.js:149934:9)\n    at throwErr (http://localhost:40413/__cypress/runner/cypress_runner.js:149867:11)\n    at Object.throwErrByPath (http://localhost:40413/__cypress/runner/cypress_runner.js:149915:3)\n    at retry (http://localhost:40413/__cypress/runner/cypress_runner.js:144197:19)\n    at onFailFn (http://localhost:40413/__cypress/runner/cypress_runner.js:132448:16)\n    at tryCatcher (http://localhost:40413/__cypress/runner/cypress_runner.js:167415:23)\n    at Promise._settlePromiseFromHandler (http://localhost:40413/__cypress/runner/cypress_runner.js:165351:31)\n    at Promise._settlePromise (http://localhost:40413/__cypress/runner/cypress_runner.js:165408:18)\n    at Promise._settlePromise0 (http://localhost:40413/__cypress/runner/cypress_runner.js:165453:10)\n    at Promise._settlePromises (http://localhost:40413/__cypress/runner/cypress_runner.js:165528:18)\n    at Async../node_modules/bluebird/js/release/async.js.Async._drainQueue (http://localhost:40413/__cypress/runner/cypress_runner.js:162140:16)\n    at Async../node_modules/bluebird/js/release/async.js.Async._drainQueues (http://localhost:40413/__cypress/runner/cypress_runner.js:162150:10)\n    at Async.drainQueues (http://localhost:40413/__cypress/runner/cypress_runner.js:162024:14)",
                "diff": null
              },
              "uuid": "9f720b7a-c4b3-488e-8633-492dfaae6017",
              "parentUUID": "d794b989-0aa9-4db1-8ef6-d02534b1d341",
              "isHook": false,
              "skipped": false
            },
            {
              "title": "Verifica se os pixels dentro do quadro não têm a classe `selected` quando são clicados",
              "fullTitle": "7 - Clicar em uma das cores da paleta, faz com que ela seja selecionada e utilizada para preencher os pixels no quadro. Verifica se os pixels dentro do quadro não têm a classe `selected` quando são clicados",
              "timedOut": null,
              "duration": 4304,
              "state": "failed",
              "speed": null,
              "pass": false,
              "fail": true,
              "pending": false,
              "context": null,
              "code": "cy.get('.color').each(function (color) {\n  var backgroundColor = color.css('background-color');\n  cy.wrap(color).click();\n  cy.get('.pixel').each(function (pixel) {\n    cy.wrap(pixel).click().should('not.have.class', 'selected');\n  });\n});",
              "err": {
                "message": "CypressError: Timed out retrying: Expected to find element: '.color', but never found it.",
                "estack": "CypressError: Timed out retrying: Expected to find element: '.color', but never found it.\n    at cypressErr (http://localhost:40413/__cypress/runner/cypress_runner.js:149934:9)\n    at throwErr (http://localhost:40413/__cypress/runner/cypress_runner.js:149867:11)\n    at Object.throwErrByPath (http://localhost:40413/__cypress/runner/cypress_runner.js:149915:3)\n    at retry (http://localhost:40413/__cypress/runner/cypress_runner.js:144197:19)\n    at onFailFn (http://localhost:40413/__cypress/runner/cypress_runner.js:132448:16)\n    at tryCatcher (http://localhost:40413/__cypress/runner/cypress_runner.js:167415:23)\n    at Promise._settlePromiseFromHandler (http://localhost:40413/__cypress/runner/cypress_runner.js:165351:31)\n    at Promise._settlePromise (http://localhost:40413/__cypress/runner/cypress_runner.js:165408:18)\n    at Promise._settlePromise0 (http://localhost:40413/__cypress/runner/cypress_runner.js:165453:10)\n    at Promise._settlePromises (http://localhost:40413/__cypress/runner/cypress_runner.js:165528:18)\n    at Async../node_modules/bluebird/js/release/async.js.Async._drainQueue (http://localhost:40413/__cypress/runner/cypress_runner.js:162140:16)\n    at Async../node_modules/bluebird/js/release/async.js.Async._drainQueues (http://localhost:40413/__cypress/runner/cypress_runner.js:162150:10)\n    at Async.drainQueues (http://localhost:40413/__cypress/runner/cypress_runner.js:162024:14)",
                "diff": null
              },
              "uuid": "7c9b99e8-f7e1-4e9e-9d05-2d59642f40e3",
              "parentUUID": "d794b989-0aa9-4db1-8ef6-d02534b1d341",
              "isHook": false,
              "skipped": false
            }
          ],
          "suites": [],
          "passes": [],
          "failures": [
            "9f720b7a-c4b3-488e-8633-492dfaae6017",
            "7c9b99e8-f7e1-4e9e-9d05-2d59642f40e3"
          ],
          "pending": [],
          "skipped": [],
          "duration": 8507,
          "root": false,
          "rootEmpty": false,
          "_timeout": 2000
        },
        {
          "uuid": "ac6a57bb-275e-4a05-b5b8-b31c90dc61f5",
          "title": "8 - Clicar em um pixel dentro do quadro após selecionar uma cor na paleta, faz com que o pixel seja preenchido com a cor selecionada.",
          "fullFile": "",
          "file": "",
          "beforeHooks": [],
          "afterHooks": [],
          "tests": [
            {
              "title": "Verifica se ao carregar a página deve ser possível pintar os pixels de preto",
              "fullTitle": "8 - Clicar em um pixel dentro do quadro após selecionar uma cor na paleta, faz com que o pixel seja preenchido com a cor selecionada. Verifica se ao carregar a página deve ser possível pintar os pixels de preto",
              "timedOut": null,
              "duration": 4204,
              "state": "failed",
              "speed": null,
              "pass": false,
              "fail": true,
              "pending": false,
              "context": null,
              "code": "cy.get('.pixel').each(function (pixel) {\n  cy.wrap(pixel).click().should('have.css', 'background-color', BLACK);\n});",
              "err": {
                "message": "CypressError: Timed out retrying: Expected to find element: '.pixel', but never found it.",
                "estack": "CypressError: Timed out retrying: Expected to find element: '.pixel', but never found it.\n    at cypressErr (http://localhost:40413/__cypress/runner/cypress_runner.js:149934:9)\n    at throwErr (http://localhost:40413/__cypress/runner/cypress_runner.js:149867:11)\n    at Object.throwErrByPath (http://localhost:40413/__cypress/runner/cypress_runner.js:149915:3)\n    at retry (http://localhost:40413/__cypress/runner/cypress_runner.js:144197:19)\n    at onFailFn (http://localhost:40413/__cypress/runner/cypress_runner.js:132448:16)\n    at tryCatcher (http://localhost:40413/__cypress/runner/cypress_runner.js:167415:23)\n    at Promise._settlePromiseFromHandler (http://localhost:40413/__cypress/runner/cypress_runner.js:165351:31)\n    at Promise._settlePromise (http://localhost:40413/__cypress/runner/cypress_runner.js:165408:18)\n    at Promise._settlePromise0 (http://localhost:40413/__cypress/runner/cypress_runner.js:165453:10)\n    at Promise._settlePromises (http://localhost:40413/__cypress/runner/cypress_runner.js:165528:18)\n    at Async../node_modules/bluebird/js/release/async.js.Async._drainQueue (http://localhost:40413/__cypress/runner/cypress_runner.js:162140:16)\n    at Async../node_modules/bluebird/js/release/async.js.Async._drainQueues (http://localhost:40413/__cypress/runner/cypress_runner.js:162150:10)\n    at Async.drainQueues (http://localhost:40413/__cypress/runner/cypress_runner.js:162024:14)",
                "diff": null
              },
              "uuid": "7d4e32ca-dac1-439f-9c68-0ebfe863e97b",
              "parentUUID": "ac6a57bb-275e-4a05-b5b8-b31c90dc61f5",
              "isHook": false,
              "skipped": false
            },
            {
              "title": "Verifica se após selecionar uma outra cor na paleta, é possível pintar os pixels com essa cor",
              "fullTitle": "8 - Clicar em um pixel dentro do quadro após selecionar uma cor na paleta, faz com que o pixel seja preenchido com a cor selecionada. Verifica se após selecionar uma outra cor na paleta, é possível pintar os pixels com essa cor",
              "timedOut": null,
              "duration": 4232,
              "state": "failed",
              "speed": null,
              "pass": false,
              "fail": true,
              "pending": false,
              "context": null,
              "code": "cy.get('.color').each(function (color) {\n  var backgroundColor = color.css('background-color');\n  cy.wrap(color).click();\n  cy.get('.pixel').each(function (pixel) {\n    cy.wrap(pixel).click().should('have.css', 'background-color', backgroundColor);\n  });\n});",
              "err": {
                "message": "CypressError: Timed out retrying: Expected to find element: '.color', but never found it.",
                "estack": "CypressError: Timed out retrying: Expected to find element: '.color', but never found it.\n    at cypressErr (http://localhost:40413/__cypress/runner/cypress_runner.js:149934:9)\n    at throwErr (http://localhost:40413/__cypress/runner/cypress_runner.js:149867:11)\n    at Object.throwErrByPath (http://localhost:40413/__cypress/runner/cypress_runner.js:149915:3)\n    at retry (http://localhost:40413/__cypress/runner/cypress_runner.js:144197:19)\n    at onFailFn (http://localhost:40413/__cypress/runner/cypress_runner.js:132448:16)\n    at tryCatcher (http://localhost:40413/__cypress/runner/cypress_runner.js:167415:23)\n    at Promise._settlePromiseFromHandler (http://localhost:40413/__cypress/runner/cypress_runner.js:165351:31)\n    at Promise._settlePromise (http://localhost:40413/__cypress/runner/cypress_runner.js:165408:18)\n    at Promise._settlePromise0 (http://localhost:40413/__cypress/runner/cypress_runner.js:165453:10)\n    at Promise._settlePromises (http://localhost:40413/__cypress/runner/cypress_runner.js:165528:18)\n    at Async../node_modules/bluebird/js/release/async.js.Async._drainQueue (http://localhost:40413/__cypress/runner/cypress_runner.js:162140:16)\n    at Async../node_modules/bluebird/js/release/async.js.Async._drainQueues (http://localhost:40413/__cypress/runner/cypress_runner.js:162150:10)\n    at Async.drainQueues (http://localhost:40413/__cypress/runner/cypress_runner.js:162024:14)",
                "diff": null
              },
              "uuid": "a449231f-bcb9-4464-86f7-40ec4a1ca3a1",
              "parentUUID": "ac6a57bb-275e-4a05-b5b8-b31c90dc61f5",
              "isHook": false,
              "skipped": false
            },
            {
              "title": "Verifica se somente o pixel que foi clicado foi preenchido com a cor selecionada, sem influenciar na cor dos demais pixels.",
              "fullTitle": "8 - Clicar em um pixel dentro do quadro após selecionar uma cor na paleta, faz com que o pixel seja preenchido com a cor selecionada. Verifica se somente o pixel que foi clicado foi preenchido com a cor selecionada, sem influenciar na cor dos demais pixels.",
              "timedOut": null,
              "duration": 4213,
              "state": "failed",
              "speed": null,
              "pass": false,
              "fail": true,
              "pending": false,
              "context": null,
              "code": "var colorToPixelIndexMap = {\n  0: 6,\n  1: 8,\n  2: 16,\n  3: 18\n};\ncy.get('.color').each(function (color, index) {\n  cy.wrap(color).click();\n  var backgroundColor = color.css('background-color');\n  var clickedPixelIndex = colorToPixelIndexMap[index];\n  cy.get('.pixel').eq(clickedPixelIndex).click();\n  cy.get('.pixel').eq(clickedPixelIndex - 1).should('not.have.css', 'background-color', backgroundColor);\n  cy.get('.pixel').eq(clickedPixelIndex + 1).should('not.have.css', 'background-color', backgroundColor);\n  cy.get('.pixel').eq(clickedPixelIndex - 5).should('not.have.css', 'background-color', backgroundColor);\n  cy.get('.pixel').eq(clickedPixelIndex + 5).should('not.have.css', 'background-color', backgroundColor);\n  cy.get('.pixel').eq(clickedPixelIndex - 6).should('not.have.css', 'background-color', backgroundColor);\n  cy.get('.pixel').eq(clickedPixelIndex - 4).should('not.have.css', 'background-color', backgroundColor);\n  cy.get('.pixel').eq(clickedPixelIndex + 4).should('not.have.css', 'background-color', backgroundColor);\n  cy.get('.pixel').eq(clickedPixelIndex + 6).should('not.have.css', 'background-color', backgroundColor);\n});",
              "err": {
                "message": "CypressError: Timed out retrying: Expected to find element: '.color', but never found it.",
                "estack": "CypressError: Timed out retrying: Expected to find element: '.color', but never found it.\n    at cypressErr (http://localhost:40413/__cypress/runner/cypress_runner.js:149934:9)\n    at throwErr (http://localhost:40413/__cypress/runner/cypress_runner.js:149867:11)\n    at Object.throwErrByPath (http://localhost:40413/__cypress/runner/cypress_runner.js:149915:3)\n    at retry (http://localhost:40413/__cypress/runner/cypress_runner.js:144197:19)\n    at onFailFn (http://localhost:40413/__cypress/runner/cypress_runner.js:132448:16)\n    at tryCatcher (http://localhost:40413/__cypress/runner/cypress_runner.js:167415:23)\n    at Promise._settlePromiseFromHandler (http://localhost:40413/__cypress/runner/cypress_runner.js:165351:31)\n    at Promise._settlePromise (http://localhost:40413/__cypress/runner/cypress_runner.js:165408:18)\n    at Promise._settlePromise0 (http://localhost:40413/__cypress/runner/cypress_runner.js:165453:10)\n    at Promise._settlePromises (http://localhost:40413/__cypress/runner/cypress_runner.js:165528:18)\n    at Async../node_modules/bluebird/js/release/async.js.Async._drainQueue (http://localhost:40413/__cypress/runner/cypress_runner.js:162140:16)\n    at Async../node_modules/bluebird/js/release/async.js.Async._drainQueues (http://localhost:40413/__cypress/runner/cypress_runner.js:162150:10)\n    at Async.drainQueues (http://localhost:40413/__cypress/runner/cypress_runner.js:162024:14)",
                "diff": null
              },
              "uuid": "5f85fba7-7481-4988-8109-a4c665ac5c54",
              "parentUUID": "ac6a57bb-275e-4a05-b5b8-b31c90dc61f5",
              "isHook": false,
              "skipped": false
            }
          ],
          "suites": [],
          "passes": [],
          "failures": [
            "7d4e32ca-dac1-439f-9c68-0ebfe863e97b",
            "a449231f-bcb9-4464-86f7-40ec4a1ca3a1",
            "5f85fba7-7481-4988-8109-a4c665ac5c54"
          ],
          "pending": [],
          "skipped": [],
          "duration": 12649,
          "root": false,
          "rootEmpty": false,
          "_timeout": 2000
        },
        {
          "uuid": "b78e3485-4353-4501-ae78-864f44172445",
          "title": "9 - Crie um botão que, ao ser clicado, limpa o quadro preenchendo a cor de todos seus pixels com branco.",
          "fullFile": "",
          "file": "",
          "beforeHooks": [],
          "afterHooks": [],
          "tests": [
            {
              "title": "Verifica se o botão tem o `id` denominado `clear-board`",
              "fullTitle": "9 - Crie um botão que, ao ser clicado, limpa o quadro preenchendo a cor de todos seus pixels com branco. Verifica se o botão tem o `id` denominado `clear-board`",
              "timedOut": null,
              "duration": 4244,
              "state": "failed",
              "speed": null,
              "pass": false,
              "fail": true,
              "pending": false,
              "context": null,
              "code": "cy.get('#clear-board').should('be.visible');",
              "err": {
                "message": "CypressError: Timed out retrying: Expected to find element: '#clear-board', but never found it.",
                "estack": "CypressError: Timed out retrying: Expected to find element: '#clear-board', but never found it.\n    at cypressErr (http://localhost:40413/__cypress/runner/cypress_runner.js:149934:9)\n    at throwErr (http://localhost:40413/__cypress/runner/cypress_runner.js:149867:11)\n    at Object.throwErrByPath (http://localhost:40413/__cypress/runner/cypress_runner.js:149915:3)\n    at retry (http://localhost:40413/__cypress/runner/cypress_runner.js:144197:19)\n    at onFailFn (http://localhost:40413/__cypress/runner/cypress_runner.js:132448:16)\n    at tryCatcher (http://localhost:40413/__cypress/runner/cypress_runner.js:167415:23)\n    at Promise._settlePromiseFromHandler (http://localhost:40413/__cypress/runner/cypress_runner.js:165351:31)\n    at Promise._settlePromise (http://localhost:40413/__cypress/runner/cypress_runner.js:165408:18)\n    at Promise._settlePromise0 (http://localhost:40413/__cypress/runner/cypress_runner.js:165453:10)\n    at Promise._settlePromises (http://localhost:40413/__cypress/runner/cypress_runner.js:165528:18)\n    at Async../node_modules/bluebird/js/release/async.js.Async._drainQueue (http://localhost:40413/__cypress/runner/cypress_runner.js:162140:16)\n    at Async../node_modules/bluebird/js/release/async.js.Async._drainQueues (http://localhost:40413/__cypress/runner/cypress_runner.js:162150:10)\n    at Async.drainQueues (http://localhost:40413/__cypress/runner/cypress_runner.js:162024:14)",
                "diff": null
              },
              "uuid": "9b6f2c9b-7fa2-4477-816b-5e2b0c714e0d",
              "parentUUID": "b78e3485-4353-4501-ae78-864f44172445",
              "isHook": false,
              "skipped": false
            },
            {
              "title": "Verifica se o botão está posicionado entre a paleta de cores e o quadro de pixels",
              "fullTitle": "9 - Crie um botão que, ao ser clicado, limpa o quadro preenchendo a cor de todos seus pixels com branco. Verifica se o botão está posicionado entre a paleta de cores e o quadro de pixels",
              "timedOut": null,
              "duration": 4264,
              "state": "failed",
              "speed": null,
              "pass": false,
              "fail": true,
              "pending": false,
              "context": null,
              "code": "cy.get('#color-palette').then(function (palette) {\n  cy.get('#clear-board').should('be.belowOf', palette);\n});\ncy.get('#clear-board').then(function (clearBtn) {\n  cy.get('#pixel-board').should('be.belowOf', clearBtn);\n});",
              "err": {
                "message": "CypressError: Timed out retrying: Expected to find element: '#color-palette', but never found it.",
                "estack": "CypressError: Timed out retrying: Expected to find element: '#color-palette', but never found it.\n    at cypressErr (http://localhost:40413/__cypress/runner/cypress_runner.js:149934:9)\n    at throwErr (http://localhost:40413/__cypress/runner/cypress_runner.js:149867:11)\n    at Object.throwErrByPath (http://localhost:40413/__cypress/runner/cypress_runner.js:149915:3)\n    at retry (http://localhost:40413/__cypress/runner/cypress_runner.js:144197:19)\n    at onFailFn (http://localhost:40413/__cypress/runner/cypress_runner.js:132448:16)\n    at tryCatcher (http://localhost:40413/__cypress/runner/cypress_runner.js:167415:23)\n    at Promise._settlePromiseFromHandler (http://localhost:40413/__cypress/runner/cypress_runner.js:165351:31)\n    at Promise._settlePromise (http://localhost:40413/__cypress/runner/cypress_runner.js:165408:18)\n    at Promise._settlePromise0 (http://localhost:40413/__cypress/runner/cypress_runner.js:165453:10)\n    at Promise._settlePromises (http://localhost:40413/__cypress/runner/cypress_runner.js:165528:18)\n    at Async../node_modules/bluebird/js/release/async.js.Async._drainQueue (http://localhost:40413/__cypress/runner/cypress_runner.js:162140:16)\n    at Async../node_modules/bluebird/js/release/async.js.Async._drainQueues (http://localhost:40413/__cypress/runner/cypress_runner.js:162150:10)\n    at Async.drainQueues (http://localhost:40413/__cypress/runner/cypress_runner.js:162024:14)",
                "diff": null
              },
              "uuid": "aafe8089-8276-4665-954e-6f11a60ccedf",
              "parentUUID": "b78e3485-4353-4501-ae78-864f44172445",
              "isHook": false,
              "skipped": false
            },
            {
              "title": "Verifica se o texto do botão é 'Limpar'",
              "fullTitle": "9 - Crie um botão que, ao ser clicado, limpa o quadro preenchendo a cor de todos seus pixels com branco. Verifica se o texto do botão é 'Limpar'",
              "timedOut": null,
              "duration": 4266,
              "state": "failed",
              "speed": null,
              "pass": false,
              "fail": true,
              "pending": false,
              "context": null,
              "code": "cy.get('#clear-board').should('contain.text', 'Limpar');",
              "err": {
                "message": "CypressError: Timed out retrying: Expected to find element: '#clear-board', but never found it.",
                "estack": "CypressError: Timed out retrying: Expected to find element: '#clear-board', but never found it.\n    at cypressErr (http://localhost:40413/__cypress/runner/cypress_runner.js:149934:9)\n    at throwErr (http://localhost:40413/__cypress/runner/cypress_runner.js:149867:11)\n    at Object.throwErrByPath (http://localhost:40413/__cypress/runner/cypress_runner.js:149915:3)\n    at retry (http://localhost:40413/__cypress/runner/cypress_runner.js:144197:19)\n    at onFailFn (http://localhost:40413/__cypress/runner/cypress_runner.js:132448:16)\n    at tryCatcher (http://localhost:40413/__cypress/runner/cypress_runner.js:167415:23)\n    at Promise._settlePromiseFromHandler (http://localhost:40413/__cypress/runner/cypress_runner.js:165351:31)\n    at Promise._settlePromise (http://localhost:40413/__cypress/runner/cypress_runner.js:165408:18)\n    at Promise._settlePromise0 (http://localhost:40413/__cypress/runner/cypress_runner.js:165453:10)\n    at Promise._settlePromises (http://localhost:40413/__cypress/runner/cypress_runner.js:165528:18)\n    at Async../node_modules/bluebird/js/release/async.js.Async._drainQueue (http://localhost:40413/__cypress/runner/cypress_runner.js:162140:16)\n    at Async../node_modules/bluebird/js/release/async.js.Async._drainQueues (http://localhost:40413/__cypress/runner/cypress_runner.js:162150:10)\n    at Async.drainQueues (http://localhost:40413/__cypress/runner/cypress_runner.js:162024:14)",
                "diff": null
              },
              "uuid": "025c8bb8-bad3-4446-be3d-1a8c01db3123",
              "parentUUID": "b78e3485-4353-4501-ae78-864f44172445",
              "isHook": false,
              "skipped": false
            },
            {
              "title": "Verifica se ao clicar no botão, o quadro de pixels é totalmente preenchido de branco",
              "fullTitle": "9 - Crie um botão que, ao ser clicado, limpa o quadro preenchendo a cor de todos seus pixels com branco. Verifica se ao clicar no botão, o quadro de pixels é totalmente preenchido de branco",
              "timedOut": null,
              "duration": 4289,
              "state": "failed",
              "speed": null,
              "pass": false,
              "fail": true,
              "pending": false,
              "context": null,
              "code": "cy.get('.color').eq(1).then(function (color) {\n  var backgroundColor = color.css('background-color');\n  cy.wrap(color).click();\n  cy.get('.pixel').each(function (pixel) {\n    cy.wrap(pixel).click().should('have.css', 'background-color', backgroundColor);\n  });\n});\ncy.get('#clear-board').click();\ncy.get('.pixel').each(function (pixel) {\n  cy.wrap(pixel).should('have.css', 'background-color', WHITE);\n});",
              "err": {
                "message": "CypressError: Timed out retrying: Expected to find element: '.color', but never found it.",
                "estack": "CypressError: Timed out retrying: Expected to find element: '.color', but never found it.\n    at cypressErr (http://localhost:40413/__cypress/runner/cypress_runner.js:149934:9)\n    at throwErr (http://localhost:40413/__cypress/runner/cypress_runner.js:149867:11)\n    at Object.throwErrByPath (http://localhost:40413/__cypress/runner/cypress_runner.js:149915:3)\n    at retry (http://localhost:40413/__cypress/runner/cypress_runner.js:144197:19)\n    at onFailFn (http://localhost:40413/__cypress/runner/cypress_runner.js:132448:16)\n    at tryCatcher (http://localhost:40413/__cypress/runner/cypress_runner.js:167415:23)\n    at Promise._settlePromiseFromHandler (http://localhost:40413/__cypress/runner/cypress_runner.js:165351:31)\n    at Promise._settlePromise (http://localhost:40413/__cypress/runner/cypress_runner.js:165408:18)\n    at Promise._settlePromise0 (http://localhost:40413/__cypress/runner/cypress_runner.js:165453:10)\n    at Promise._settlePromises (http://localhost:40413/__cypress/runner/cypress_runner.js:165528:18)\n    at Async../node_modules/bluebird/js/release/async.js.Async._drainQueue (http://localhost:40413/__cypress/runner/cypress_runner.js:162140:16)\n    at Async../node_modules/bluebird/js/release/async.js.Async._drainQueues (http://localhost:40413/__cypress/runner/cypress_runner.js:162150:10)\n    at Async.drainQueues (http://localhost:40413/__cypress/runner/cypress_runner.js:162024:14)",
                "diff": null
              },
              "uuid": "2431ea71-befe-4910-a2dd-d964b684aeb4",
              "parentUUID": "b78e3485-4353-4501-ae78-864f44172445",
              "isHook": false,
              "skipped": false
            }
          ],
          "suites": [],
          "passes": [],
          "failures": [
            "9b6f2c9b-7fa2-4477-816b-5e2b0c714e0d",
            "aafe8089-8276-4665-954e-6f11a60ccedf",
[...]
                "diff": null
              },
              "uuid": "8464fccf-9b72-4dfd-b101-e9a660a18e4f",
              "parentUUID": "90e9a59a-9abc-4385-b76f-6d7d16ccd488",
              "isHook": false,
              "skipped": false
            },
            {
              "title": "Verifica se o novo quadro tem todos os pixels preenchidos com a cor branca",
              "fullTitle": "10 - Faça o quadro de pixels ter seu tamanho definido pelo usuário. Verifica se o novo quadro tem todos os pixels preenchidos com a cor branca",
              "timedOut": null,
              "duration": 4259,
              "state": "failed",
              "speed": null,
              "pass": false,
              "fail": true,
              "pending": false,
              "context": null,
              "code": "cy.get('#board-size').clear().type(6);\ncy.get('#generate-board').click();\ncy.get('.pixel').should('have.length', 36).each(function (pixel) {\n  expect(pixel).to.have.css('background-color', WHITE);\n});",
              "err": {
                "message": "CypressError: Timed out retrying: Expected to find element: '#board-size', but never found it.",
                "estack": "CypressError: Timed out retrying: Expected to find element: '#board-size', but never found it.\n    at cypressErr (http://localhost:40413/__cypress/runner/cypress_runner.js:149934:9)\n    at throwErr (http://localhost:40413/__cypress/runner/cypress_runner.js:149867:11)\n    at Object.throwErrByPath (http://localhost:40413/__cypress/runner/cypress_runner.js:149915:3)\n    at retry (http://localhost:40413/__cypress/runner/cypress_runner.js:144197:19)\n    at onFailFn (http://localhost:40413/__cypress/runner/cypress_runner.js:132448:16)\n    at tryCatcher (http://localhost:40413/__cypress/runner/cypress_runner.js:167415:23)\n    at Promise._settlePromiseFromHandler (http://localhost:40413/__cypress/runner/cypress_runner.js:165351:31)\n    at Promise._settlePromise (http://localhost:40413/__cypress/runner/cypress_runner.js:165408:18)\n    at Promise._settlePromise0 (http://localhost:40413/__cypress/runner/cypress_runner.js:165453:10)\n    at Promise._settlePromises (http://localhost:40413/__cypress/runner/cypress_runner.js:165528:18)\n    at Async../node_modules/bluebird/js/release/async.js.Async._drainQueue (http://localhost:40413/__cypress/runner/cypress_runner.js:162140:16)\n    at Async../node_modules/bluebird/js/release/async.js.Async._drainQueues (http://localhost:40413/__cypress/runner/cypress_runner.js:162150:10)\n    at Async.drainQueues (http://localhost:40413/__cypress/runner/cypress_runner.js:162024:14)",
                "diff": null
              },
              "uuid": "74a7761b-762b-4dbe-80e0-826327bcc1fc",
              "parentUUID": "90e9a59a-9abc-4385-b76f-6d7d16ccd488",
              "isHook": false,
              "skipped": false
            }
          ],
          "suites": [],
          "passes": [],
          "failures": [
            "36903fce-ab5a-4766-99fe-ba0a45939b0a",
            "9ec6f640-4f74-434b-b377-4c8174222b12",
            "f64d5e09-b9bb-4d86-9533-66f0c33c58f7",
            "24d2ce76-7082-42d1-85cd-739cd7386be4",
            "96afdff4-e2d5-4d7e-8cd0-1b4daea356a2",
            "5a774dbe-2073-4282-a62e-eaf16b7e21c9",
            "1316b074-ce31-429e-a345-c40d15ff2f33",
            "8464fccf-9b72-4dfd-b101-e9a660a18e4f",
            "74a7761b-762b-4dbe-80e0-826327bcc1fc"
          ],
          "pending": [],
          "skipped": [],
          "duration": 38312,
          "root": false,
          "rootEmpty": false,
          "_timeout": 2000
        },
        {
          "uuid": "1a6a70b9-e243-4102-abc3-7ee1480178c8",
          "title": "11 - Limite o tamanho mínimo e máximo do board.",
          "fullFile": "",
          "file": "",
          "beforeHooks": [],
          "afterHooks": [],
          "tests": [
            {
              "title": "Verifica se a altura máxima do board é 50",
              "fullTitle": "11 - Limite o tamanho mínimo e máximo do board. Verifica se a altura máxima do board é 50",
              "timedOut": null,
              "duration": 4238,
              "state": "failed",
              "speed": null,
              "pass": false,
              "fail": true,
              "pending": false,
              "context": null,
              "code": "cy.get('#board-size').clear().type(50);\ncy.get('#generate-board').click();\ncy.get('.pixel').should('have.length', 2500);",
              "err": {
                "message": "CypressError: Timed out retrying: Expected to find element: '#board-size', but never found it.",
                "estack": "CypressError: Timed out retrying: Expected to find element: '#board-size', but never found it.\n    at cypressErr (http://localhost:40413/__cypress/runner/cypress_runner.js:149934:9)\n    at throwErr (http://localhost:40413/__cypress/runner/cypress_runner.js:149867:11)\n    at Object.throwErrByPath (http://localhost:40413/__cypress/runner/cypress_runner.js:149915:3)\n    at retry (http://localhost:40413/__cypress/runner/cypress_runner.js:144197:19)\n    at onFailFn (http://localhost:40413/__cypress/runner/cypress_runner.js:132448:16)\n    at tryCatcher (http://localhost:40413/__cypress/runner/cypress_runner.js:167415:23)\n    at Promise._settlePromiseFromHandler (http://localhost:40413/__cypress/runner/cypress_runner.js:165351:31)\n    at Promise._settlePromise (http://localhost:40413/__cypress/runner/cypress_runner.js:165408:18)\n    at Promise._settlePromise0 (http://localhost:40413/__cypress/runner/cypress_runner.js:165453:10)\n    at Promise._settlePromises (http://localhost:40413/__cypress/runner/cypress_runner.js:165528:18)\n    at Async../node_modules/bluebird/js/release/async.js.Async._drainQueue (http://localhost:40413/__cypress/runner/cypress_runner.js:162140:16)\n    at Async../node_modules/bluebird/js/release/async.js.Async._drainQueues (http://localhost:40413/__cypress/runner/cypress_runner.js:162150:10)\n    at Async.drainQueues (http://localhost:40413/__cypress/runner/cypress_runner.js:162024:14)",
                "diff": null
              },
              "uuid": "5f4d2f92-ec89-4e29-8400-233b312da465",
              "parentUUID": "1a6a70b9-e243-4102-abc3-7ee1480178c8",
              "isHook": false,
              "skipped": false
            },
            {
              "title": "Verifica se a altura do board é 5 quando um valor menor é colocado no input",
              "fullTitle": "11 - Limite o tamanho mínimo e máximo do board. Verifica se a altura do board é 5 quando um valor menor é colocado no input",
              "timedOut": null,
              "duration": 4224,
              "state": "failed",
              "speed": null,
              "pass": false,
              "fail": true,
              "pending": false,
              "context": null,
              "code": "cy.get('#board-size').clear().type(4);\ncy.get('#generate-board').click();\ncy.get('.pixel').should('have.length', 25);",
              "err": {
                "message": "CypressError: Timed out retrying: Expected to find element: '#board-size', but never found it.",
                "estack": "CypressError: Timed out retrying: Expected to find element: '#board-size', but never found it.\n    at cypressErr (http://localhost:40413/__cypress/runner/cypress_runner.js:149934:9)\n    at throwErr (http://localhost:40413/__cypress/runner/cypress_runner.js:149867:11)\n    at Object.throwErrByPath (http://localhost:40413/__cypress/runner/cypress_runner.js:149915:3)\n    at retry (http://localhost:40413/__cypress/runner/cypress_runner.js:144197:19)\n    at onFailFn (http://localhost:40413/__cypress/runner/cypress_runner.js:132448:16)\n    at tryCatcher (http://localhost:40413/__cypress/runner/cypress_runner.js:167415:23)\n    at Promise._settlePromiseFromHandler (http://localhost:40413/__cypress/runner/cypress_runner.js:165351:31)\n    at Promise._settlePromise (http://localhost:40413/__cypress/runner/cypress_runner.js:165408:18)\n    at Promise._settlePromise0 (http://localhost:40413/__cypress/runner/cypress_runner.js:165453:10)\n    at Promise._settlePromises (http://localhost:40413/__cypress/runner/cypress_runner.js:165528:18)\n    at Async../node_modules/bluebird/js/release/async.js.Async._drainQueue (http://localhost:40413/__cypress/runner/cypress_runner.js:162140:16)\n    at Async../node_modules/bluebird/js/release/async.js.Async._drainQueues (http://localhost:40413/__cypress/runner/cypress_runner.js:162150:10)\n    at Async.drainQueues (http://localhost:40413/__cypress/runner/cypress_runner.js:162024:14)",
                "diff": null
              },
              "uuid": "9968ef4d-6188-44b6-83ec-c16243c77671",
              "parentUUID": "1a6a70b9-e243-4102-abc3-7ee1480178c8",
              "isHook": false,
              "skipped": false
            },
            {
              "title": "Verifica se a altura do board é 50 quando um valor maior é colocado no input",
              "fullTitle": "11 - Limite o tamanho mínimo e máximo do board. Verifica se a altura do board é 50 quando um valor maior é colocado no input",
              "timedOut": null,
              "duration": 4287,
              "state": "failed",
              "speed": null,
              "pass": false,
              "fail": true,
              "pending": false,
              "context": null,
              "code": "cy.get('#board-size').clear().type(51);\ncy.get('#generate-board').click();\ncy.get('.pixel').should('have.length', 2500);",
              "err": {
                "message": "CypressError: Timed out retrying: Expected to find element: '#board-size', but never found it.",
                "estack": "CypressError: Timed out retrying: Expected to find element: '#board-size', but never found it.\n    at cypressErr (http://localhost:40413/__cypress/runner/cypress_runner.js:149934:9)\n    at throwErr (http://localhost:40413/__cypress/runner/cypress_runner.js:149867:11)\n    at Object.throwErrByPath (http://localhost:40413/__cypress/runner/cypress_runner.js:149915:3)\n    at retry (http://localhost:40413/__cypress/runner/cypress_runner.js:144197:19)\n    at onFailFn (http://localhost:40413/__cypress/runner/cypress_runner.js:132448:16)\n    at tryCatcher (http://localhost:40413/__cypress/runner/cypress_runner.js:167415:23)\n    at Promise._settlePromiseFromHandler (http://localhost:40413/__cypress/runner/cypress_runner.js:165351:31)\n    at Promise._settlePromise (http://localhost:40413/__cypress/runner/cypress_runner.js:165408:18)\n    at Promise._settlePromise0 (http://localhost:40413/__cypress/runner/cypress_runner.js:165453:10)\n    at Promise._settlePromises (http://localhost:40413/__cypress/runner/cypress_runner.js:165528:18)\n    at Async../node_modules/bluebird/js/release/async.js.Async._drainQueue (http://localhost:40413/__cypress/runner/cypress_runner.js:162140:16)\n    at Async../node_modules/bluebird/js/release/async.js.Async._drainQueues (http://localhost:40413/__cypress/runner/cypress_runner.js:162150:10)\n    at Async.drainQueues (http://localhost:40413/__cypress/runner/cypress_runner.js:162024:14)",
                "diff": null
              },
              "uuid": "e365187f-4077-4fd6-8413-9afdfe8afff8",
              "parentUUID": "1a6a70b9-e243-4102-abc3-7ee1480178c8",
              "isHook": false,
              "skipped": false
            }
          ],
          "suites": [],
          "passes": [],
          "failures": [
            "5f4d2f92-ec89-4e29-8400-233b312da465",
            "9968ef4d-6188-44b6-83ec-c16243c77671",
            "e365187f-4077-4fd6-8413-9afdfe8afff8"
          ],
          "pending": [],
          "skipped": [],
          "duration": 12749,
          "root": false,
          "rootEmpty": false,
          "_timeout": 2000
        },
        {
          "uuid": "081043a1-925f-4b65-9c8c-a1536bf502b4",
          "title": "12 - Faça com que as cores da paleta sejam geradas aleatoriamente ao carregar a página.",
          "fullFile": "",
          "file": "",
          "beforeHooks": [],
          "afterHooks": [],
          "tests": [
            {
              "title": "Verifica se as cores geradas na paleta são diferentes a cada carregamento da página",
              "fullTitle": "12 - Faça com que as cores da paleta sejam geradas aleatoriamente ao carregar a página. Verifica se as cores geradas na paleta são diferentes a cada carregamento da página",
              "timedOut": null,
              "duration": 4267,
              "state": "failed",
              "speed": null,
              "pass": false,
              "fail": true,
              "pending": false,
              "context": null,
              "code": "cy.get('.color').then(function (colors) {\n  var currentColors;\n  var previousColors;\n  previousColors = Array.from(colors).map(function (color) {\n    return Cypress.$(color).css('background-color');\n  });\n  for (var i = 0; i < 5; i += 1) {\n    cy.reload();\n    cy.get('.color').then(function (colors) {\n      currentColors = Array.from(colors).map(function (color) {\n        return Cypress.$(color).css('background-color');\n      });\n      expect(currentColors).not.to.deep.equal(previousColors);\n      previousColors = currentColors;\n    });\n  }\n});",
              "err": {
                "message": "CypressError: Timed out retrying: Expected to find element: '.color', but never found it.",
                "estack": "CypressError: Timed out retrying: Expected to find element: '.color', but never found it.\n    at cypressErr (http://localhost:40413/__cypress/runner/cypress_runner.js:149934:9)\n    at throwErr (http://localhost:40413/__cypress/runner/cypress_runner.js:149867:11)\n    at Object.throwErrByPath (http://localhost:40413/__cypress/runner/cypress_runner.js:149915:3)\n    at retry (http://localhost:40413/__cypress/runner/cypress_runner.js:144197:19)\n    at onFailFn (http://localhost:40413/__cypress/runner/cypress_runner.js:132448:16)\n    at tryCatcher (http://localhost:40413/__cypress/runner/cypress_runner.js:167415:23)\n    at Promise._settlePromiseFromHandler (http://localhost:40413/__cypress/runner/cypress_runner.js:165351:31)\n    at Promise._settlePromise (http://localhost:40413/__cypress/runner/cypress_runner.js:165408:18)\n    at Promise._settlePromise0 (http://localhost:40413/__cypress/runner/cypress_runner.js:165453:10)\n    at Promise._settlePromises (http://localhost:40413/__cypress/runner/cypress_runner.js:165528:18)\n    at Async../node_modules/bluebird/js/release/async.js.Async._drainQueue (http://localhost:40413/__cypress/runner/cypress_runner.js:162140:16)\n    at Async../node_modules/bluebird/js/release/async.js.Async._drainQueues (http://localhost:40413/__cypress/runner/cypress_runner.js:162150:10)\n    at Async.drainQueues (http://localhost:40413/__cypress/runner/cypress_runner.js:162024:14)",
                "diff": null
              },
              "uuid": "29593312-922e-4d48-a8ac-8037fcc5861c",
              "parentUUID": "081043a1-925f-4b65-9c8c-a1536bf502b4",
              "isHook": false,
              "skipped": false
            },
            {
              "title": "Verifica se a cor preta ainda está presente e é a primeira na sua paleta de cores",
              "fullTitle": "12 - Faça com que as cores da paleta sejam geradas aleatoriamente ao carregar a página. Verifica se a cor preta ainda está presente e é a primeira na sua paleta de cores",
              "timedOut": null,
              "duration": 4235,
              "state": "failed",
              "speed": null,
              "pass": false,
              "fail": true,
              "pending": false,
              "context": null,
              "code": "cy.get('.color').then(function (colors) {\n  var currentColors;\n  var previousColors;\n  previousColors = Array.from(colors).map(function (color) {\n    return Cypress.$(color).css('background-color');\n  });\n  expect(previousColors[0]).to.eq(BLACK);\n  for (var i = 0; i < 5; i += 1) {\n    cy.reload();\n    cy.get('.color').then(function (colors) {\n      currentColors = Array.from(colors).map(function (color) {\n        return Cypress.$(color).css('background-color');\n      });\n      expect(currentColors[0]).to.eq(BLACK);\n      expect(currentColors).not.to.deep.equal(previousColors);\n      previousColors = currentColors;\n    });\n  }\n});",
              "err": {
                "message": "CypressError: Timed out retrying: Expected to find element: '.color', but never found it.",
                "estack": "CypressError: Timed out retrying: Expected to find element: '.color', but never found it.\n    at cypressErr (http://localhost:40413/__cypress/runner/cypress_runner.js:149934:9)\n    at throwErr (http://localhost:40413/__cypress/runner/cypress_runner.js:149867:11)\n    at Object.throwErrByPath (http://localhost:40413/__cypress/runner/cypress_runner.js:149915:3)\n    at retry (http://localhost:40413/__cypress/runner/cypress_runner.js:144197:19)\n    at onFailFn (http://localhost:40413/__cypress/runner/cypress_runner.js:132448:16)\n    at tryCatcher (http://localhost:40413/__cypress/runner/cypress_runner.js:167415:23)\n    at Promise._settlePromiseFromHandler (http://localhost:40413/__cypress/runner/cypress_runner.js:165351:31)\n    at Promise._settlePromise (http://localhost:40413/__cypress/runner/cypress_runner.js:165408:18)\n    at Promise._settlePromise0 (http://localhost:40413/__cypress/runner/cypress_runner.js:165453:10)\n    at Promise._settlePromises (http://localhost:40413/__cypress/runner/cypress_runner.js:165528:18)\n    at Async../node_modules/bluebird/js/release/async.js.Async._drainQueue (http://localhost:40413/__cypress/runner/cypress_runner.js:162140:16)\n    at Async../node_modules/bluebird/js/release/async.js.Async._drainQueues (http://localhost:40413/__cypress/runner/cypress_runner.js:162150:10)\n    at Async.drainQueues (http://localhost:40413/__cypress/runner/cypress_runner.js:162024:14)",
                "diff": null
              },
              "uuid": "d4bdf478-db2e-4c83-bc8d-b28a7b22194d",
              "parentUUID": "081043a1-925f-4b65-9c8c-a1536bf502b4",
              "isHook": false,
              "skipped": false
            }
          ],
          "suites": [],
          "passes": [],
          "failures": [
            "29593312-922e-4d48-a8ac-8037fcc5861c",
            "d4bdf478-db2e-4c83-bc8d-b28a7b22194d"
          ],
          "pending": [],
          "skipped": [],
          "duration": 8502,
          "root": false,
          "rootEmpty": false,
          "_timeout": 2000
        }
      ],
      "passes": [],
      "failures": [],
      "pending": [],
      "skipped": [],
      "duration": 0,
      "root": true,
      "rootEmpty": true,
      "_timeout": 2000
    }
  ],
  "meta": {
    "mocha": {
      "version": "7.0.1"
    },
    "mochawesome": {
      "options": {
        "quiet": false,
        "reportFilename": "mochawesome",
        "saveHtml": false,
        "saveJson": true,
        "consoleReporter": "spec",
        "useInlineDiffs": false
      },
      "version": "4.1.0"
    },
    "marge": {
      "options": {
        "id": "default",
        "reportDir": "cypress/reports",
        "overwrite": true,
        "html": false,
        "json": true
      },
      "version": "4.1.0"
    }
  }
}